<?xml version="1.0" encoding="UTF-8"?>
<!-- Generated by org.testng.reporters.JUnitXMLReporter -->
<testsuite hostname="EPINHYDW0793" ignored="0" name="Default test" tests="1" failures="0" timestamp="24 Aug 2017 13:08:36 GMT" time="0.031" errors="0">
  <testcase name="@BeforeClass initializeDriver" time="0.0" classname="org.epam.driver.CoreDriver">
    <failure type="org.testng.TestNGException" message="
Parameter &amp;apos;url&amp;apos; is required by BeforeClass on method initializeDriver but has not been marked @Optional or defined
in C:\Users\Sazid_Shaik\AppData\Local\Temp\testng-eclipse--618129649\testng-customsuite.xml">
      <![CDATA[org.testng.TestNGException: 
Parameter 'url' is required by BeforeClass on method initializeDriver but has not been marked @Optional or defined
in C:\Users\Sazid_Shaik\AppData\Local\Temp\testng-eclipse--618129649\testng-customsuite.xml
	at org.testng.internal.Parameters.createParameters(Parameters.java:199)
	at org.testng.internal.Parameters.createParameters(Parameters.java:443)
	at org.testng.internal.Parameters.createConfigurationParameters(Parameters.java:118)
	at org.testng.internal.Invoker.invokeConfigurations(Invoker.java:206)
	at org.testng.internal.Invoker.invokeConfigurations(Invoker.java:146)
	at org.testng.internal.TestMethodWorker.invokeBeforeClassMethods(TestMethodWorker.java:166)
	at org.testng.internal.TestMethodWorker.run(TestMethodWorker.java:105)
	at org.testng.TestRunner.privateRun(TestRunner.java:744)
	at org.testng.TestRunner.run(TestRunner.java:602)
	at org.testng.SuiteRunner.runTest(SuiteRunner.java:380)
	at org.testng.SuiteRunner.runSequentially(SuiteRunner.java:375)
	at org.testng.SuiteRunner.privateRun(SuiteRunner.java:340)
	at org.testng.SuiteRunner.run(SuiteRunner.java:289)
	at org.testng.SuiteRunnerWorker.runSuite(SuiteRunnerWorker.java:52)
	at org.testng.SuiteRunnerWorker.run(SuiteRunnerWorker.java:86)
	at org.testng.TestNG.runSuitesSequentially(TestNG.java:1301)
	at org.testng.TestNG.runSuitesLocally(TestNG.java:1226)
	at org.testng.TestNG.runSuites(TestNG.java:1144)
	at org.testng.TestNG.run(TestNG.java:1115)
	at org.testng.remote.AbstractRemoteTestNG.run(AbstractRemoteTestNG.java:132)
	at org.testng.remote.RemoteTestNG.initAndRun(RemoteTestNG.java:230)
	at org.testng.remote.RemoteTestNG.main(RemoteTestNG.java:76)
]]>
    </failure>
  </testcase> <!-- @BeforeClass initializeDriver -->
  <testcase name="@AfterClass closeDriver" time="0.0" classname="org.epam.driver.CoreDriver">
    <skipped/>
  </testcase> <!-- @AfterClass closeDriver -->
  <testcase name="selectFromList" time="0.0" classname="org.epam.tests.BaseTest">
    <skipped/>
  </testcase> <!-- selectFromList -->
</testsuite> <!-- Default test -->
